<?xml version="1.0" encoding="UTF-8"?>
<testng-results skipped="0" failed="0" total="1" passed="1">
  <reporter-output>
  </reporter-output>
  <suite name="Default suite" duration-ms="6291" started-at="2019-11-11T04:50:32Z" finished-at="2019-11-11T04:50:39Z">
    <groups>
    </groups>
    <test name="Default test" duration-ms="6291" started-at="2019-11-11T04:50:32Z" finished-at="2019-11-11T04:50:39Z">
      <class name="edureka.co.Test_id.NewTest">
        <test-method status="PASS" signature="verifylogin()[pri:0, instance:edureka.co.Test_id.NewTest@402f32ff]" name="verifylogin" duration-ms="6207" started-at="2019-11-11T04:50:32Z" finished-at="2019-11-11T04:50:38Z">
          <reporter-output>
          </reporter-output>
        </test-method> <!-- verifylogin -->
      </class> <!-- edureka.co.Test_id.NewTest -->
    </test> <!-- Default test -->
  </suite> <!-- Default suite -->
</testng-results>
