<?xml version="1.0" encoding="UTF-8"?>
<testng-results skipped="0" failed="0" total="1" passed="1">
  <reporter-output>
  </reporter-output>
  <suite name="Default suite" duration-ms="7243" started-at="2019-11-08T22:19:22Z" finished-at="2019-11-08T22:19:30Z">
    <groups>
    </groups>
    <test name="Default test" duration-ms="7243" started-at="2019-11-08T22:19:22Z" finished-at="2019-11-08T22:19:30Z">
      <class name="edureka.co.Test_id.NewTest">
        <test-method status="PASS" signature="verifylogin()[pri:0, instance:edureka.co.Test_id.NewTest@66d2e7d9]" name="verifylogin" duration-ms="7196" started-at="2019-11-08T22:19:22Z" finished-at="2019-11-08T22:19:30Z">
          <reporter-output>
          </reporter-output>
        </test-method> <!-- verifylogin -->
      </class> <!-- edureka.co.Test_id.NewTest -->
    </test> <!-- Default test -->
  </suite> <!-- Default suite -->
</testng-results>
